::1 - - [31/Oct/2025 16:42:01] "GET / HTTP/1.1" 200 -
::1 - - [31/Oct/2025 16:42:02] "GET / HTTP/1.1" 200 -
::1 - - [31/Oct/2025 16:42:06] "GET / HTTP/1.1" 200 -
::1 - - [31/Oct/2025 16:42:12] "GET / HTTP/1.1" 200 -
::1 - - [31/Oct/2025 16:42:16] "GET / HTTP/1.1" 200 -
::1 - - [31/Oct/2025 16:42:22] "GET / HTTP/1.1" 200 -
::1 - - [31/Oct/2025 16:42:27] "GET / HTTP/1.1" 200 -
::1 - - [31/Oct/2025 16:42:32] "GET / HTTP/1.1" 200 -
::1 - - [31/Oct/2025 16:42:37] "GET / HTTP/1.1" 200 -
::1 - - [31/Oct/2025 16:42:42] "GET / HTTP/1.1" 200 -
::1 - - [31/Oct/2025 16:42:43] "GET /home.html HTTP/1.1" 304 -
::1 - - [31/Oct/2025 16:42:43] "GET /static/timing_config.js HTTP/1.1" 304 -
::1 - - [31/Oct/2025 16:42:43] code 404, message File not found
::1 - - [31/Oct/2025 16:42:43] "GET /api/v1/config/timing HTTP/1.1" 404 -
::1 - - [31/Oct/2025 16:42:47] "GET / HTTP/1.1" 200 -
::1 - - [31/Oct/2025 16:42:49] code 404, message File not found
::1 - - [31/Oct/2025 16:42:49] "GET /favicon.ico HTTP/1.1" 404 -
::1 - - [31/Oct/2025 16:42:51] "GET /index.html?session_id=session_20251031_004248 HTTP/1.1" 200 -
::1 - - [31/Oct/2025 16:42:51] "GET /static/index_live.js HTTP/1.1" 304 -
::1 - - [31/Oct/2025 16:42:52] "GET / HTTP/1.1" 200 -
::1 - - [31/Oct/2025 16:42:53] "GET /static/Derek.png HTTP/1.1" 304 -
::1 - - [31/Oct/2025 16:42:53] "GET /static/Sam.png HTTP/1.1" 304 -
::1 - - [31/Oct/2025 16:42:53] "GET /static/Jacob.png HTTP/1.1" 304 -
::1 - - [31/Oct/2025 16:42:53] "GET /static/Dan.png HTTP/1.1" 304 -
::1 - - [31/Oct/2025 16:42:53] "GET /static/Scott.png HTTP/1.1" 304 -
::1 - - [31/Oct/2025 16:42:53] "GET /static/Tyler.png HTTP/1.1" 304 -
::1 - - [31/Oct/2025 16:42:56] "GET /static/default.png HTTP/1.1" 304 -
::1 - - [31/Oct/2025 16:42:57] "GET / HTTP/1.1" 200 -
::1 - - [31/Oct/2025 16:43:02] "GET / HTTP/1.1" 200 -
::1 - - [31/Oct/2025 16:43:07] "GET / HTTP/1.1" 200 -
::1 - - [31/Oct/2025 16:43:13] "GET / HTTP/1.1" 200 -
::1 - - [31/Oct/2025 16:43:17] "GET / HTTP/1.1" 200 -
::1 - - [31/Oct/2025 16:43:23] "GET / HTTP/1.1" 200 -
::1 - - [31/Oct/2025 16:43:27] "GET / HTTP/1.1" 200 -
::1 - - [31/Oct/2025 16:43:33] "GET / HTTP/1.1" 200 -
::1 - - [31/Oct/2025 16:43:37] "GET / HTTP/1.1" 200 -
::1 - - [31/Oct/2025 16:43:43] "GET / HTTP/1.1" 200 -
::1 - - [31/Oct/2025 16:43:47] "GET / HTTP/1.1" 200 -
::1 - - [31/Oct/2025 16:43:53] "GET / HTTP/1.1" 200 -
::1 - - [31/Oct/2025 16:43:57] "GET / HTTP/1.1" 200 -
::1 - - [31/Oct/2025 16:44:03] "GET / HTTP/1.1" 200 -
::1 - - [31/Oct/2025 16:44:07] "GET / HTTP/1.1" 200 -
::1 - - [31/Oct/2025 16:44:13] "GET / HTTP/1.1" 200 -
::1 - - [31/Oct/2025 16:44:18] "GET / HTTP/1.1" 200 -
::1 - - [31/Oct/2025 16:44:23] "GET / HTTP/1.1" 200 -
::1 - - [31/Oct/2025 16:44:28] "GET / HTTP/1.1" 200 -
::1 - - [31/Oct/2025 16:44:34] "GET / HTTP/1.1" 200 -
::1 - - [31/Oct/2025 16:44:38] "GET / HTTP/1.1" 200 -
::1 - - [31/Oct/2025 16:44:44] "GET / HTTP/1.1" 200 -
::1 - - [31/Oct/2025 16:44:48] "GET / HTTP/1.1" 200 -
::1 - - [31/Oct/2025 16:44:54] "GET / HTTP/1.1" 200 -
::1 - - [31/Oct/2025 16:44:58] "GET / HTTP/1.1" 200 -
::1 - - [31/Oct/2025 16:45:04] "GET / HTTP/1.1" 200 -
::1 - - [31/Oct/2025 16:45:08] "GET / HTTP/1.1" 200 -
::1 - - [31/Oct/2025 16:45:14] "GET / HTTP/1.1" 200 -
::1 - - [31/Oct/2025 16:45:18] "GET / HTTP/1.1" 200 -
::1 - - [31/Oct/2025 16:45:24] "GET / HTTP/1.1" 200 -
::1 - - [31/Oct/2025 16:45:28] "GET / HTTP/1.1" 200 -
::1 - - [31/Oct/2025 16:45:34] "GET / HTTP/1.1" 200 -
::1 - - [31/Oct/2025 16:45:38] "GET / HTTP/1.1" 200 -
::1 - - [31/Oct/2025 16:45:44] "GET / HTTP/1.1" 200 -
::1 - - [31/Oct/2025 16:45:48] "GET / HTTP/1.1" 200 -
::1 - - [31/Oct/2025 16:45:54] "GET / HTTP/1.1" 200 -
::1 - - [31/Oct/2025 16:45:58] "GET / HTTP/1.1" 200 -
::1 - - [31/Oct/2025 16:46:04] "GET / HTTP/1.1" 200 -
::1 - - [31/Oct/2025 16:46:08] "GET / HTTP/1.1" 200 -
::1 - - [31/Oct/2025 16:46:14] "GET / HTTP/1.1" 200 -
::1 - - [31/Oct/2025 16:46:19] "GET / HTTP/1.1" 200 -
::1 - - [31/Oct/2025 16:46:25] "GET / HTTP/1.1" 200 -
::1 - - [31/Oct/2025 16:46:29] "GET / HTTP/1.1" 200 -
::1 - - [31/Oct/2025 16:46:35] "GET / HTTP/1.1" 200 -
::1 - - [31/Oct/2025 16:46:39] "GET / HTTP/1.1" 200 -
::1 - - [31/Oct/2025 16:46:45] "GET / HTTP/1.1" 200 -
::1 - - [31/Oct/2025 16:46:49] "GET / HTTP/1.1" 200 -
::1 - - [31/Oct/2025 16:46:55] "GET / HTTP/1.1" 200 -
::1 - - [31/Oct/2025 16:46:59] "GET / HTTP/1.1" 200 -
::1 - - [31/Oct/2025 16:47:05] "GET / HTTP/1.1" 200 -
::1 - - [31/Oct/2025 16:47:09] "GET / HTTP/1.1" 200 -
